2016-07-20 16:00:02,622 INFO     tid = 1559112
 url = https://bitcointalk.org/index.php?topic=1559112.0
 title = SvW Satoshi vers World lawsuit - Available NOW
2016-07-20 17:00:02,266 INFO     tid = 1559149
 url = https://bitcointalk.org/index.php?topic=1559149.0
 title = NewZealandCoin < POW >  [CRYPTO]  Backed by Gaming, Exchange, Mining and Much Bo
2016-07-20 17:30:02,224 INFO     tid = 1559163
 url = https://bitcointalk.org/index.php?topic=1559163.0
 title = [ANN] Frankywillcoin (FRWC)
2016-07-21 05:30:02,272 INFO     tid = 1559630
 url = https://bitcointalk.org/index.php?topic=1559630.0
 title = [ANN] Ethereum Classic: The Original
2016-07-21 05:30:02,578 INFO     tid = 1559629
 url = https://bitcointalk.org/index.php?topic=1559629.0
 title = .
2016-07-21 05:30:03,079 INFO     tid = 1559626
 url = https://bitcointalk.org/index.php?topic=1559626.0
 title = .
2016-07-21 09:00:04,003 INFO     tid = 1559768
 url = https://bitcointalk.org/index.php?topic=1559768.0
 title = [ANN]FACECOIN[FACE] PoW/PoS 
2016-07-21 11:30:02,628 INFO     tid = 1559879
 url = https://bitcointalk.org/index.php?topic=1559879.0
 title = [ANN] RUST POW/POS
2016-07-22 05:30:03,153 INFO     tid = 1561351
 url = https://bitcointalk.org/index.php?topic=1561351.0
 title = OpenLedger adds Tether dollars and euros
2016-07-22 07:30:02,594 INFO     tid = 1561412
 url = https://bitcointalk.org/index.php?topic=1561412.0
 title = [ANN] New York City [YORK] Pow\Pos 15%
2016-07-22 18:00:02,456 INFO     tid = 1561997
 url = https://bitcointalk.org/index.php?topic=1561997.0
 title = (PRE-ANN) The Clucking Blockchain Experiment - Crowdfund 
2016-07-22 18:30:02,213 INFO     tid = 1562029
 url = https://bitcointalk.org/index.php?topic=1562029.0
 title = [PRE-ANN] [FLUXEL] OpenDrop, a DCO in biomedical industry
2016-07-22 20:00:02,134 INFO     req bitcointalk status code : 502
2016-07-22 23:30:02,808 INFO     tid = 1562292
 url = https://bitcointalk.org/index.php?topic=1562292.0
 title = SINGULAR DTV CROWDSALE DISCUSSION (ETHEREUM)
2016-07-23 02:30:02,026 INFO     tid = 1562365
 url = https://bitcointalk.org/index.php?topic=1562365.0
 title = [ANN]YOCoin - The New Ethereum Asset with Smart Contract Application
2016-07-23 05:00:01,957 INFO     tid = 1562464
 url = https://bitcointalk.org/index.php?topic=1562464.0
 title = [ANN] [ADCN] coin swap request
2016-07-23 05:30:01,936 INFO     tid = 1562482
 url = https://bitcointalk.org/index.php?topic=1562482.0
 title = [PRE-ANN][RMC]Ride My Car / Ride Share / proof of journey / 
2016-07-23 07:00:03,179 INFO     tid = 1562525
 url = https://bitcointalk.org/index.php?topic=1562525.0
 title = [ANN] KOINKARTEL - Full Scale, Ready made, Altcoin Projects
2016-07-23 09:30:02,883 INFO     tid = 1562634
 url = https://bitcointalk.org/index.php?topic=1562634.0
 title = ======[ANN][WOW]====WOW COIN X11 POS/POW 
2016-07-23 11:00:02,732 INFO     tid = 1562712
 url = https://bitcointalk.org/index.php?topic=1562712.0
 title = [ANN] CRAFTCOIN [CRAFT] COIN FOR HANDCRAFTED GOODS AND COSTUMIZATIONS
2016-07-23 17:30:02,072 INFO     tid = 1563013
 url = https://bitcointalk.org/index.php?topic=1563013.0
 title = Shilling, newest entrant into the Altcoina Domain
2016-07-23 18:00:02,537 INFO     tid = 1563043
 url = https://bitcointalk.org/index.php?topic=1563043.0
 title = MOVED: [SYNX] Syndicate | Business Management Platform | Staking Masternodes | Stealth
2016-07-24 07:30:01,834 INFO     tid = 1563423
 url = https://bitcointalk.org/index.php?topic=1563423.0
 title = [Ann] Hong Coin: DO & Man+Machine Teaming - the New Beginning
2016-07-24 08:00:01,915 INFO     req bitcointalk status code : 502
2016-07-24 16:00:02,522 INFO     tid = 1564157
 url = https://bitcointalk.org/index.php?topic=1564157.0
 title = ANN [XC] Privacy Based Smart Chain with Automated Build System
2016-07-25 02:00:02,123 INFO     tid = 1564436
 url = https://bitcointalk.org/index.php?topic=1564436.0
 title = New money: the Debs Coin (DEBS) !
2016-07-25 09:00:03,206 INFO     tid = 1564880
 url = https://bitcointalk.org/index.php?topic=1564880.0
 title = [ANN]Mpaycoin-₥-Live Network ICO-SHA256/PoW
2016-07-25 09:30:02,983 INFO     tid = 1564880
 url = https://bitcointalk.org/index.php?topic=1564880.0
 title = [ANN]Mpaycoin-₥-Live Network ICO-SHA256/PoW
2016-07-25 10:00:02,945 INFO     tid = 1564917
 url = https://bitcointalk.org/index.php?topic=1564917.0
 title = Want to become a millionaire without investing anything New COIN
2016-07-25 11:00:02,885 INFO     tid = 1564961
 url = https://bitcointalk.org/index.php?topic=1564961.0
 title = ^-^-^- SPACE COIN [SPACE] REVIVAL POS / POW ^-^-^-
2016-07-25 12:00:03,696 INFO     tid = 1565017
 url = https://bitcointalk.org/index.php?topic=1565017.0
 title = Want to become a millionaire without investing anything
2016-07-25 19:00:02,816 INFO     tid = 1565249
 url = https://bitcointalk.org/index.php?topic=1565249.0
 title = Introducing a new concept - CŦC
2016-07-26 01:00:07,437 INFO     tid = 1565481
 url = https://bitcointalk.org/index.php?topic=1565481.0
 title = [ANN] PEEPCOIN - $1000000 FREE FOR 1000 PEEPS!!!
2016-07-26 02:30:02,077 INFO     tid = 1565532
 url = https://bitcointalk.org/index.php?topic=1565532.0
 title = [SEP Forum] Solar Energy Producers Forum
2016-07-26 07:30:03,059 INFO     tid = 1565729
 url = https://bitcointalk.org/index.php?topic=1565729.0
 title = [ANN] PeepCoin Free Coin For The People!!!
2016-07-26 08:30:02,395 INFO     tid = 1565824
 url = https://bitcointalk.org/index.php?topic=1565824.0
 title = ETC - Ethereum Classic
2016-07-26 11:30:02,240 INFO     tid = 1565976
 url = https://bitcointalk.org/index.php?topic=1565976.0
 title = FITCOIN FIT PoW X11 Trading on C-Cex
2016-07-26 13:30:06,070 INFO     tid = 1566125
 url = https://bitcointalk.org/index.php?topic=1566125.0
 title = MOVED: [ANN] PeepCoin Free Coin For The People!!!
2016-07-26 13:30:06,389 INFO     tid = 1566119
 url = https://bitcointalk.org/index.php?topic=1566119.0
 title = Wexcoin. A new frontier for payment solutions.
2016-07-26 15:30:02,598 INFO     tid = 1566206
 url = https://bitcointalk.org/index.php?topic=1566206.0
 title = WORLDGOLDCOIN WGC PoW SHA256 Trading on C-Cex
2016-07-26 15:30:02,925 INFO     tid = 1566202
 url = https://bitcointalk.org/index.php?topic=1566202.0
 title = [ANN] Steemit Mobile App
2016-07-26 19:00:03,488 INFO     tid = 1566582
 url = https://bitcointalk.org/index.php?topic=1566582.0
 title = [ANN] [PEEP COIN] GUARANTEED VALUE - FREE ICO!!!
2016-07-26 19:00:03,805 INFO     tid = 1566495
 url = https://bitcointalk.org/index.php?topic=1566495.0
 title = Pool To Be ETC 100% stratum support Best pool for this. Honest admin
