2016-07-11 12:30:48,877 INFO     test
2016-07-25 14:20:14,990 INFO     exchange_pair 
2016-07-25 14:44:27,300 INFO     exccept profit = 1.14133218389
2016-07-25 03:45:29,744 INFO     except profit = 33.6288574459
2016-07-25 04:31:06,043 INFO     except profit = 43.3023022
2016-07-25 04:32:05,960 INFO     except profit = 25.95117222
2016-07-25 04:35:05,801 INFO     except profit = 35.4680756
2016-07-25 04:36:05,115 INFO     except profit = 95.82015456
2016-07-25 04:37:10,289 INFO     except profit = 68.72808533
2016-07-25 04:38:12,761 INFO     except profit = 63.3947746245
2016-07-25 04:39:08,775 INFO     except profit = 53.7819425888
2016-07-25 04:40:07,101 INFO     except profit = 37.3564161407
2016-07-25 04:41:05,443 INFO     except profit = 21.3100678686
2016-07-25 06:06:10,290 INFO     except profit = 21.2417956087
2016-07-25 07:53:05,097 INFO     except profit = 23.2820651096
2016-07-25 07:55:06,044 INFO     except profit = 21.4729352394
2016-07-25 13:53:09,806 INFO     except profit = 64.07228476
2016-07-25 13:55:05,661 INFO     except profit = 20.7913585637
2016-07-25 20:23:05,886 INFO     except profit = 46.9903675129
2016-07-25 20:35:09,065 INFO     except profit = 42.98932732
2016-07-25 20:36:04,606 INFO     except profit = 78.2123951357
2016-07-25 20:37:05,907 INFO     except profit = 26.7200109957
2016-07-25 20:38:06,925 INFO     except profit = 22.2233419832
2016-07-25 21:14:08,874 INFO     except profit = 49.9775794483
2016-07-25 21:15:09,510 INFO     except profit = 53.845201723
2016-07-25 21:16:10,583 INFO     except profit = 63.8822758538
2016-07-25 21:17:09,841 INFO     except profit = 71.9841414375
2016-07-25 21:18:10,366 INFO     except profit = 167.466074797
2016-07-25 21:20:09,809 INFO     except profit = 36.4205089024
2016-07-25 21:21:08,285 INFO     except profit = 180.063125039
2016-07-25 21:23:06,322 INFO     except profit = 22.4755315564
2016-07-25 21:24:06,274 INFO     except profit = 59.1671869961
2016-07-25 21:26:06,809 INFO     except profit = 20.8115575189
2016-07-25 21:58:09,804 INFO     except profit = 31.9141155049
2016-07-25 22:14:28,995 INFO     except profit = 32.6664618565
2016-07-25 22:15:08,584 INFO     except profit = 113.844087847
2016-07-25 22:16:10,217 INFO     except profit = 32.4543148754
2016-07-25 22:17:40,088 INFO     except profit = 105.742841154
2016-07-25 22:18:08,679 INFO     except profit = 83.7400425885
2016-07-25 22:19:20,327 INFO     except profit = 23.6511753632
2016-07-25 22:20:11,388 INFO     except profit = 249.579284651
2016-07-25 22:21:06,795 INFO     except profit = 44.8655053476
2016-07-25 22:23:06,887 INFO     except profit = 55.3088262559
2016-07-25 22:24:11,134 INFO     except profit = 92.2081389243
2016-07-25 22:25:05,882 INFO     except profit = 34.843851151
2016-07-25 22:26:09,405 INFO     except profit = 38.3146985762
2016-07-25 22:27:12,309 INFO     except profit = 35.5685367656
2016-07-25 22:28:18,233 INFO     except profit = 25.5452410036
2016-07-25 22:30:14,597 INFO     except profit = 25.0177489328
2016-07-25 22:36:08,818 INFO     except profit = 22.5128561999
2016-07-25 22:37:11,251 INFO     except profit = 25.592900526
2016-07-25 22:38:14,359 INFO     except profit = 29.9062369734
2016-07-25 22:39:07,519 INFO     except profit = 24.3872758271
2016-07-25 22:40:09,900 INFO     except profit = 30.9611406609
2016-07-25 22:43:15,274 INFO     except profit = 24.9995885135
2016-07-25 22:45:18,855 INFO     except profit = 44.499230267
2016-07-25 22:46:06,788 INFO     except profit = 134.490513687
2016-07-25 22:47:07,302 INFO     except profit = 45.4814270201
2016-07-25 22:50:07,593 INFO     except profit = 36.1399871787
2016-07-25 22:53:32,000 INFO     except profit = 57.7640134161
2016-07-25 22:54:07,471 INFO     except profit = 43.0008680245
2016-07-25 22:55:08,540 INFO     except profit = 37.0092075179
2016-07-25 22:56:06,343 INFO     except profit = 99.5955923011
2016-07-25 22:57:06,958 INFO     except profit = 64.8895152785
2016-07-25 22:58:06,842 INFO     except profit = 80.7573642874
2016-07-25 22:59:08,760 INFO     except profit = 45.2845446057
2016-07-25 23:01:08,789 INFO     except profit = 51.1647964035
2016-07-25 23:02:08,570 INFO     except profit = 22.1872076471
2016-07-25 23:04:07,794 INFO     except profit = 86.0534116452
2016-07-25 23:05:08,107 INFO     except profit = 42.9256613874
2016-07-25 23:06:06,279 INFO     except profit = 37.7150270048
2016-07-25 23:07:05,955 INFO     except profit = 64.1210709694
2016-07-25 23:08:05,488 INFO     except profit=35.3336059029 volume=104.0
2016-07-25 23:09:14,857 INFO     except profit=103.314463387 volume=334.1205
2016-07-25 23:10:08,701 INFO     except profit=51.5573673262 volume=182.9745
2016-07-25 23:11:09,436 INFO     except profit=44.9572387654 volume=144.3785
2016-07-25 23:12:26,994 INFO     except profit=36.0682848202 volume=144.3785
2016-07-25 23:13:05,774 INFO     except profit=26.3996473301 volume=184.4725
2016-07-25 23:14:09,689 INFO     except profit=26.5720421662 volume=183.5951
2016-07-25 23:15:10,387 INFO     except profit=20.9629281576 volume=153.3002
2016-07-26 01:13:08,760 INFO     except profit = 24.9793028506 volume=248.82576502
2016-07-26 01:14:07,315 INFO     except profit = 23.3722347576 volume=237.58663544
2016-07-26 02:06:10,005 INFO     except profit=41.4966415492 volume=263.47669229
2016-07-26 02:07:05,691 INFO     except profit=38.9305624273 volume=278.87627573
2016-07-26 02:39:07,583 INFO     except profit = 31.8859573489 volume=105.9642
2016-07-26 03:52:04,831 INFO     except profit = 53.0861935937 volume=614.3606
2016-07-26 03:53:06,927 INFO     except profit = 84.444207862 volume=502.002
2016-07-26 05:00:09,206 INFO     except profit=20.4505742074 volume=131.7896
2016-07-26 05:25:16,318 INFO     except profit=23.0335928831 volume=351.782
2016-07-26 05:45:10,228 INFO     except profit=72.1340934956 volume=396.708
2016-07-26 05:46:09,966 INFO     except profit=115.846624292 volume=498.425
2016-07-26 05:47:07,584 INFO     except profit=127.947084833 volume=365.393
2016-07-26 06:04:08,202 INFO     except profit=111.541851365 volume=1341.9972
2016-07-26 06:05:05,445 INFO     except profit=109.210491824 volume=1136.1415
2016-07-26 06:06:07,601 INFO     except profit=178.9241387 volume=1461.731
2016-07-26 06:09:07,279 INFO     except profit=30.4190210768 volume=243.109
2016-07-26 06:10:08,569 INFO     except profit=88.0787645531 volume=340.34324221
2016-07-26 06:11:06,085 INFO     except profit=625.578243823 volume=1861.488
2016-07-26 06:12:23,745 INFO     except profit=290.053669911 volume=1092.9744
2016-07-26 06:13:08,355 INFO     except profit=75.3682721123 volume=549.64591569
2016-07-26 06:14:06,923 INFO     except profit=460.150246883 volume=1804.84023194
2016-07-26 06:15:07,261 INFO     except profit=649.354072808 volume=3131.8186
2016-07-26 06:16:05,725 INFO     except profit=459.049646865 volume=1827.60241334
2016-07-26 06:17:06,556 INFO     except profit=481.346519207 volume=1037.69464432
2016-07-26 06:18:12,759 INFO     except profit=152.94878314 volume=896.8923
2016-07-26 06:22:06,221 INFO     except profit=23.8840027665 volume=100.0
2016-07-26 06:24:44,420 INFO     except profit=24.316239031 volume=101.5419
2016-07-26 06:25:34,600 INFO     except profit=52.7621754888 volume=200.9925
2016-07-26 06:26:11,051 INFO     except profit=45.1871818066 volume=220.9925
2016-07-26 06:27:10,813 INFO     except profit=51.5901604001 volume=220.9925
2016-07-26 06:28:13,481 INFO     except profit=21.7492801331 volume=171.5419
2016-07-26 06:30:14,579 INFO     except profit=67.7361907635 volume=203.8449
2016-07-26 06:30:31,311 INFO     except profit=73.1193403874 volume=131.946
2016-07-26 06:31:09,229 INFO     except profit=93.5481224544 volume=174.842
2016-07-26 06:32:07,709 INFO     except profit=114.46697484 volume=258.411
2016-07-26 06:33:08,272 INFO     except profit=405.536900143 volume=1582.7699
2016-07-26 06:34:06,801 INFO     except profit=635.455047336 volume=1514.3899
2016-07-26 06:35:07,245 INFO     except profit=611.555803173 volume=1594.8307
2016-07-26 06:36:11,908 INFO     except profit=775.99012722 volume=1738.4361
2016-07-26 06:37:05,235 INFO     except profit=374.425661467 volume=1681.5071
2016-07-26 06:38:12,775 INFO     except profit=93.6071887678 volume=351.3134
2016-07-26 06:39:08,745 INFO     except profit=182.381007616 volume=391.1814
2016-07-26 06:40:04,693 INFO     except profit=25.4132479597 volume=299.576
2016-07-26 06:42:10,443 INFO     except profit=68.9596719101 volume=255.446
2016-07-26 06:43:06,751 INFO     except profit=45.6363877777 volume=243.503
2016-07-26 06:44:07,359 INFO     except profit=31.0284990897 volume=198.754
2016-07-26 06:45:08,687 INFO     except profit=55.1553096264 volume=266.024
2016-07-26 06:46:06,868 INFO     except profit=61.1526792087 volume=211.368
2016-07-26 06:47:12,751 INFO     except profit=301.287805278 volume=1234.27085158
2016-07-26 06:48:39,918 INFO     except profit=340.155288539 volume=2259.4299
2016-07-26 06:49:06,191 INFO     except profit=327.591841485 volume=2258.4299
2016-07-26 06:50:12,747 INFO     except profit=961.920245228 volume=2288.4203
2016-07-26 06:51:12,821 INFO     except profit=964.076470166 volume=1858.4151
2016-07-26 06:52:10,746 INFO     except profit=1251.7179627 volume=2010.34789032
2016-07-26 06:53:08,955 INFO     except profit=1218.48161393 volume=2227.3758
2016-07-26 06:54:31,895 INFO     except profit=607.441544389 volume=1597.20722504
2016-07-26 06:55:34,456 INFO     except profit=1111.50402707 volume=1758.72958301
2016-07-26 06:56:10,074 INFO     except profit=2267.76467022 volume=3648.7373
2016-07-26 06:57:06,146 INFO     except profit=1922.1360939 volume=3221.1605
2016-07-26 06:58:22,962 INFO     except profit=1650.06003367 volume=3084.1151
2016-07-26 06:59:09,385 INFO     except profit=475.472770533 volume=1223.0656
2016-07-26 07:00:08,937 INFO     except profit=774.085600873 volume=1797.54016904
2016-07-26 07:01:13,041 INFO     except profit=690.945349052 volume=1319.617
2016-07-26 07:02:14,004 INFO     except profit=955.795311125 volume=1643.164
2016-07-26 07:03:10,812 INFO     except profit=460.842752357 volume=1157.9044
2016-07-26 07:04:05,651 INFO     except profit=377.914384859 volume=1213.018
2016-07-26 07:05:10,843 INFO     except profit=473.786364114 volume=1221.4888
2016-07-26 07:06:30,278 INFO     except profit=866.840649348 volume=1831.7745
2016-07-26 07:07:08,559 INFO     except profit=771.577058302 volume=1482.53956564
2016-07-26 07:08:14,966 INFO     except profit=664.075293864 volume=1758.5992
2016-07-26 07:09:29,602 INFO     except profit=1420.18960071 volume=2289.1406
2016-07-26 07:10:10,801 INFO     except profit=781.354818898 volume=1542.8911139
2016-07-26 07:11:06,874 INFO     except profit=451.315210126 volume=1148.8358
2016-07-26 07:12:29,010 INFO     except profit=20.6359481136 volume=181.22336258
2016-07-26 07:16:09,748 INFO     except profit=25.5879982036 volume=106.0
2016-07-26 07:17:07,900 INFO     except profit=35.4272777094 volume=211.88804774
2016-07-26 07:19:08,639 INFO     except profit=59.473011084 volume=126.8154
2016-07-26 07:20:05,843 INFO     except profit=31.919976727 volume=152.0
2016-07-26 07:21:12,990 INFO     except profit=211.600316111 volume=677.2138
2016-07-26 07:22:10,862 INFO     except profit=403.224044133 volume=729.3618
2016-07-26 07:23:07,504 INFO     except profit=405.284760863 volume=607.40076673
2016-07-26 07:24:08,361 INFO     except profit=2455.73351157 volume=3413.3815
2016-07-26 07:25:07,198 INFO     except profit=2754.14371692 volume=2726.52644722
2016-07-26 07:26:47,672 INFO     except profit=2342.96625098 volume=1840.17520514
2016-07-26 07:27:12,375 INFO     except profit=1711.08917741 volume=1243.09765795
2016-07-26 07:28:11,628 INFO     except profit=3337.28753669 volume=2510.7483
2016-07-26 07:30:09,993 INFO     except profit=2216.9739099 volume=2604.7209
2016-07-26 07:31:05,220 INFO     except profit=3105.30019383 volume=3472.92423649
2016-07-26 07:32:07,385 INFO     except profit=3045.08715183 volume=2719.26861712
2016-07-26 07:33:05,306 INFO     except profit=2661.71427273 volume=2619.61160128
2016-07-26 07:34:20,517 INFO     except profit=2073.72033456 volume=1705.7038075
2016-07-26 07:35:10,029 INFO     except profit=1945.85459294 volume=1892.07352436
2016-07-26 07:36:15,461 INFO     except profit=1567.26112935 volume=2839.1898
2016-07-26 07:37:07,515 INFO     except profit=1446.50654578 volume=2625.51567551
2016-07-26 07:38:07,648 INFO     except profit=1715.38822476 volume=2752.3336
2016-07-26 07:39:11,594 INFO     except profit=1855.19978728 volume=2791.3116
2016-07-26 07:40:14,873 INFO     except profit=2605.78497581 volume=2985.5361
2016-07-26 07:41:07,223 INFO     except profit=2589.53340043 volume=2933.4121
2016-07-26 07:42:10,816 INFO     except profit=2665.01770943 volume=3270.96580402
2016-07-26 07:43:05,840 INFO     except profit=2922.95661812 volume=2971.3131
2016-07-26 07:44:06,759 INFO     except profit=2054.16545022 volume=3019.1484
2016-07-26 07:45:10,531 INFO     except profit=2128.46003578 volume=3757.4557
2016-07-26 07:46:07,113 INFO     except profit=2304.85600122 volume=3090.2134
2016-07-26 07:47:26,498 INFO     except profit=1747.19440303 volume=2780.4044
2016-07-26 07:48:10,127 INFO     except profit=1992.71425436 volume=3027.3154
2016-07-26 07:49:08,941 INFO     except profit=2122.35479262 volume=3070.6161
2016-07-26 07:50:07,722 INFO     except profit=1548.75175558 volume=2913.4451
2016-07-26 07:51:08,764 INFO     except profit=1514.11353799 volume=2875.8571
2016-07-26 07:52:06,411 INFO     except profit=1537.61413643 volume=2918.6201
2016-07-26 07:53:12,202 INFO     except profit=256.011142885 volume=783.5824
2016-07-26 07:54:17,299 INFO     except profit=484.598400102 volume=971.6704
2016-07-26 07:55:16,228 INFO     except profit=264.961138249 volume=472.8574
2016-07-26 07:56:09,015 INFO     except profit=205.183591178 volume=407.3677
2016-07-26 07:57:09,658 INFO     except profit=132.185659612 volume=313.431
2016-07-26 07:58:07,591 INFO     except profit=52.5102165818 volume=161.2581
2016-07-26 07:59:09,048 INFO     except profit=39.3400244964 volume=116.0603
2016-07-26 08:00:06,942 INFO     except profit=207.614560288 volume=728.2874
2016-07-26 08:10:13,070 INFO     except profit=380.460103024 volume=1067.8111
2016-07-26 08:20:09,166 INFO     except profit=135.645022964 volume=664.3264
2016-07-26 08:30:06,856 INFO     except profit=1288.96007678 volume=2051.8232
2016-07-26 08:40:11,487 INFO     except profit=28.8473712788 volume=123.4921
2016-07-26 08:50:08,902 INFO     except profit=129.295322085 volume=537.1491
2016-07-26 09:00:15,440 INFO     except profit=254.611150395 volume=1594.24336219
2016-07-26 09:20:15,334 INFO     except profit=129.374825741 volume=805.52831964
2016-07-26 09:30:13,360 INFO     except profit=97.6097053344 volume=551.3444
2016-07-26 09:50:17,205 INFO     except profit=98.7404686818 volume=727.9897
2016-07-26 10:00:19,992 INFO     except profit=1119.91076263 volume=1258.1888
2016-07-26 10:10:12,461 INFO     except profit=920.950932109 volume=1257.7961
2016-07-26 10:20:13,132 INFO     except profit=159.225555921 volume=356.77272243
2016-07-26 10:30:20,658 INFO     except profit=291.88043809 volume=827.4321
2016-07-26 10:40:09,363 INFO     except profit=130.217155242 volume=532.2836
2016-07-26 10:50:15,563 INFO     except profit=128.352727386 volume=409.9941
2016-07-26 11:00:24,565 INFO     except profit=121.473131793 volume=297.9065
2016-07-26 11:10:11,703 INFO     except profit=235.705182746 volume=1022.8922
2016-07-26 12:50:12,276 INFO     except profit=20.8391820671 volume=100.0
2016-07-26 16:30:07,310 INFO     except profit=21.0155036772 volume=113.6235
2016-07-26 16:40:07,662 INFO     except profit=36.574937441 volume=74.8155
2016-07-26 18:30:07,297 INFO     except profit=114.712889111 volume=553.5627
2016-07-26 18:40:07,276 INFO     except profit=112.090022441 volume=168.1286
2016-07-26 19:30:08,486 INFO     except profit=53.5696292518 volume=135.9423
2016-07-26 19:40:12,060 INFO     except profit = 28.4457382229 volume=138.15599201
2016-07-26 20:00:09,542 INFO     except profit = 63.011417937 volume=40.9445
2016-07-26 20:30:10,122 INFO     except profit = 45.1092543082 volume=205.071
2016-07-26 20:40:09,069 INFO     except profit = 54.6663177294 volume=197.4374
2016-07-26 20:50:10,909 INFO     except profit = 48.8981196538 volume=230.186
2016-07-26 21:20:09,642 INFO     except profit = 25.5180712789 volume=150.004
2016-07-26 21:35:00,281 INFO     Starting new HTTPS connection (1): yunbi.com
2016-07-26 21:35:01,548 INFO     Starting new HTTPS connection (1): yunbi.com
2016-07-26 21:35:04,083 INFO     Starting new HTTPS connection (1): yunbi.com
2016-07-26 21:40:01,338 INFO     Starting new HTTPS connection (1): yunbi.com
2016-07-26 21:40:05,939 INFO     Starting new HTTPS connection (1): yunbi.com
2016-07-26 21:40:19,179 INFO     Starting new HTTPS connection (1): yunbi.com
